\BOOKMARK [1][-]{section.1}{\376\377\000C\000o\000n\000t\000e\000x\000t\000e\000\040\000d\000u\000\040\000p\000r\000o\000j\000e\000t}{}% 1
\BOOKMARK [1][-]{section.2}{\376\377\000E\000t\000a\000t\000\040\000d\000e\000\040\000l\000'\000a\000r\000t}{}% 2
\BOOKMARK [2][-]{subsection.2.1}{\376\377\000I\000n\000t\000r\000o\000d\000u\000c\000t\000i\000o\000n}{section.2}% 3
\BOOKMARK [2][-]{subsection.2.2}{\376\377\000D\000\351\000f\000i\000n\000i\000t\000i\000o\000n\000\040\000d\040\031\000u\000n\000\040\000c\000i\000r\000c\000u\000i\000t\000\040\000c\000o\000u\000r\000t\000\040\000e\000t\000\040\000d\040\031\000u\000n\000\040\000j\000a\000r\000d\000i\000n\000\040\000p\000a\000r\000t\000a\000g\000\351}{section.2}% 4
\BOOKMARK [3][-]{subsubsection.2.2.1}{\376\377\000Q\000u\040\031\000e\000s\000t\000\040\000c\000e\000\040\000q\000u\040\031\000u\000n\000\040\000c\000i\000r\000c\000u\000i\000t\000\040\000c\000o\000u\000r\000t\000\040\000?}{subsection.2.2}% 5
\BOOKMARK [3][-]{subsubsection.2.2.2}{\376\377\000Q\000u\040\031\000e\000s\000t\000\040\000c\000e\000\040\000q\000u\040\031\000u\000n\000\040\000j\000a\000r\000d\000i\000n\000\040\000p\000a\000r\000t\000a\000g\000\351\000\040\000?}{subsection.2.2}% 6
\BOOKMARK [3][-]{subsubsection.2.2.3}{\376\377\000L\000'\000\351\000m\000e\000r\000g\000e\000n\000c\000e\000\040\000d\000e\000s\000\040\000j\000a\000r\000d\000i\000n\000s\000\040\000p\000a\000r\000t\000a\000g\000\351\000s\000\040\000?}{subsection.2.2}% 7
\BOOKMARK [2][-]{subsection.2.3}{\376\377\000L\000e\000s\000\040\000j\000a\000r\000d\000i\000n\000s\000\040\000p\000a\000r\000t\000a\000g\000\351\000s\000\040\000e\000t\000\040\000l\000e\000s\000\040\000t\000e\000c\000h\000n\000o\000l\000o\000g\000i\000e\000s}{section.2}% 8
\BOOKMARK [1][-]{section.3}{\376\377\000G\000e\000s\000t\000i\000o\000n\000\040\000d\000e\000\040\000p\000r\000o\000j\000e\000t}{}% 9
\BOOKMARK [2][-]{subsection.3.1}{\376\377\000\311\000q\000u\000i\000p\000e\000\040\000d\000e\000\040\000p\000r\000o\000j\000e\000t}{section.3}% 10
\BOOKMARK [2][-]{subsection.3.2}{\376\377\000O\000r\000g\000a\000n\000i\000s\000a\000t\000i\000o\000n\000\040\000a\000u\000\040\000s\000e\000i\000n\000\040\000d\000e\000\040\000l\040\031\000\351\000q\000u\000i\000p\000e\000\040\000p\000r\000o\000j\000e\000t}{section.3}% 11
\BOOKMARK [2][-]{subsection.3.3}{\376\377\000O\000b\000j\000e\000c\000t\000i\000f\000s\000\040\000S\000M\000A\000R\000T}{section.3}% 12
\BOOKMARK [2][-]{subsection.3.4}{\376\377\000M\000a\000t\000r\000i\000c\000e\000\040\000d\000e\000s\000\040\000o\000b\000j\000e\000c\000t\000i\000f\000s}{section.3}% 13
\BOOKMARK [2][-]{subsection.3.5}{\376\377\000T\000r\000i\000a\000n\000g\000l\000e\000\040\000q\000u\000a\000l\000i\000t\000\351\000-\000c\000o\000u\000t\000-\000d\000\351\000l\000a\000i}{section.3}% 14
\BOOKMARK [2][-]{subsection.3.6}{\376\377\000M\000a\000t\000r\000i\000c\000e\000\040\000S\000W\000O\000T}{section.3}% 15
\BOOKMARK [2][-]{subsection.3.7}{\376\377\000P\000r\000o\000f\000i\000l\000\040\000d\000e\000\040\000p\000r\000o\000j\000e\000t}{section.3}% 16
\BOOKMARK [2][-]{subsection.3.8}{\376\377\000W\000B\000S\000\040\000:\000\040\000c\000o\000m\000m\000e\000n\000t\000\040\000c\000o\000n\000c\000r\000\351\000t\000i\000s\000e\000r\000\040\000l\040\031\000a\000p\000p\000l\000i\000c\000a\000t\000i\000o\000n}{section.3}% 17
\BOOKMARK [2][-]{subsection.3.9}{\376\377\000D\000i\000a\000g\000r\000a\000m\000m\000e\000\040\000d\000e\000\040\000G\000a\000n\000t\000t\000\040\000:\000\040\000p\000l\000a\000n\000i\000f\000i\000c\000a\000t\000i\000o\000n}{section.3}% 18
\BOOKMARK [2][-]{subsection.3.10}{\376\377\000M\000a\000t\000r\000i\000c\000e\000\040\000R\000A\000C\000I}{section.3}% 19
\BOOKMARK [1][-]{section.4}{\376\377\000A\000p\000p\000l\000i\000c\000a\000t\000i\000o\000n\000\040\000p\000r\000o\000p\000o\000s\000\351\000e}{}% 20
\BOOKMARK [2][-]{subsection.4.1}{\376\377\000D\000\351\000f\000i\000n\000i\000t\000i\000o\000n\000s}{section.4}% 21
\BOOKMARK [2][-]{subsection.4.2}{\376\377\000F\000o\000n\000c\000t\000i\000o\000n\000n\000a\000l\000i\000t\000\351\000s\000\040\000d\000e\000\040\000l\000'\000a\000p\000p\000l\000i\000c\000a\000t\000i\000o\000n}{section.4}% 22
\BOOKMARK [1][-]{section.5}{\376\377\000C\000o\000n\000c\000l\000u\000s\000i\000o\000n}{}% 23
\BOOKMARK [1][-]{section.6}{\376\377\000A\000n\000n\000e\000x\000e}{}% 24
\BOOKMARK [2][-]{subsection.6.1}{\376\377\000A\000n\000n\000e\000x\000e\0001}{section.6}% 25
