\BOOKMARK [1][-]{section.1}{\376\377\000B\000a\000s\000e\000\040\000d\000e\000\040\000d\000o\000n\000n\000\351\000e}{}% 1
\BOOKMARK [2][-]{subsection.1.1}{\376\377\000C\000o\000n\000c\000e\000p\000t\000i\000o\000n}{section.1}% 2
\BOOKMARK [3][-]{subsubsection.1.1.1}{\376\377\000L\000e\000s\000\040\000b\000e\000s\000o\000i\000n\000s\000\040\000d\000e\000\040\000n\000o\000t\000r\000e\000\040\000a\000p\000p\000l\000i\000c\000a\000t\000i\000o\000n}{subsection.1.1}% 3
\BOOKMARK [3][-]{subsubsection.1.1.2}{\376\377\000S\000c\000h\000\351\000m\000a\000\040\000e\000n\000t\000i\000t\000\351\000-\000a\000s\000s\000o\000c\000i\000a\000t\000i\000o\000n}{subsection.1.1}% 4
\BOOKMARK [3][-]{subsubsection.1.1.3}{\376\377\000P\000a\000s\000s\000a\000g\000e\000\040\000d\000u\000\040\000m\000o\000d\000\350\000l\000e\000\040\000a\000u\000\040\000e\000n\000t\000i\000t\000\351\000-\000a\000s\000s\000o\000c\000i\000a\000t\000i\000o\000n\000\040\000a\000u\000\040\000r\000e\000l\000a\000t\000i\000o\000n\000n\000e\000l}{subsection.1.1}% 5
\BOOKMARK [2][-]{subsection.1.2}{\376\377\000I\000m\000p\000l\000\351\000m\000e\000n\000t\000a\000t\000i\000o\000n\000\040\000d\000e\000\040\000l\000a\000\040\000b\000a\000s\000e\000\040\000d\000e\000\040\000d\000o\000n\000n\000\351\000e\000\040\000d\000a\000n\000s\000\040\000l\000e\000\040\000b\000a\000c\000k\000e\000n\000d\000\040\000d\000e\000\040\000l\000'\000a\000p\000p\000l\000i\000c\000a\000t\000i\000o\000n}{section.1}% 6
\BOOKMARK [3][-]{subsubsection.1.2.1}{\376\377\000C\000r\000\351\000a\000t\000i\000o\000n\000\040\000d\000e\000\040\000l\000a\000\040\000b\000a\000s\000e\000\040\000d\000e\000\040\000d\000o\000n\000n\000\351\000e\000s}{subsection.1.2}% 7
\BOOKMARK [3][-]{subsubsection.1.2.2}{\376\377\000U\000t\000i\000l\000i\000s\000a\000t\000i\000o\000n\000\040\000d\000e\000\040\000S\000Q\000L\000A\000l\000c\000h\000e\000m\000y}{subsection.1.2}% 8
\BOOKMARK [1][-]{section.2}{\376\377\000S\000e\000r\000v\000e\000u\000r\000\040\000e\000t\000\040\000c\000l\000i\000e\000n\000t\000\040\000W\000e\000b}{}% 9
\BOOKMARK [2][-]{subsection.2.1}{\376\377\000s\000t\000r\000u\000c\000t\000u\000r\000e\000\040\000d\000e\000\040\000l\000'\000a\000p\000p\000l\000i\000c\000a\000t\000i\000o\000n}{section.2}% 10
\BOOKMARK [2][-]{subsection.2.2}{\376\377\000F\000o\000n\000c\000t\000i\000o\000n\000n\000a\000l\000i\000t\000\351\000s\000\040\000d\000e\000\040\000l\000'\000a\000p\000p\000l\000i\000c\000a\000t\000i\000o\000n}{section.2}% 11
\BOOKMARK [3][-]{subsubsection.2.2.1}{\376\377\000A\000u\000t\000h\000e\000n\000t\000i\000f\000i\000c\000a\000t\000i\000o\000n}{subsection.2.2}% 12
\BOOKMARK [3][-]{subsubsection.2.2.2}{\376\377\000G\000e\000s\000t\000i\000o\000n\000\040\000d\000e\000\040\000c\000o\000m\000p\000t\000e}{subsection.2.2}% 13
\BOOKMARK [3][-]{subsubsection.2.2.3}{\376\377\000G\000e\000s\000t\000i\000o\000n\000\040\000d\000e\000s\000\040\000j\000a\000r\000d\000i\000n\000s}{subsection.2.2}% 14
\BOOKMARK [3][-]{subsubsection.2.2.4}{\376\377\000C\000a\000r\000t\000e\000\040\000i\000n\000t\000e\000r\000r\000a\000c\000t\000i\000v\000e}{subsection.2.2}% 15
\BOOKMARK [2][-]{subsection.2.3}{\376\377\000I\000n\000t\000e\000r\000r\000a\000c\000t\000i\000o\000n\000s\000\040\000a\000v\000e\000c\000\040\000l\000e\000\040\000j\000a\000r\000d\000i\000n}{section.2}% 16
\BOOKMARK [1][-]{section.3}{\376\377\000A\000l\000g\000o\000r\000i\000t\000h\000m\000e}{}% 17
\BOOKMARK [2][-]{subsection.3.1}{\376\377\000P\000r\000i\000n\000c\000i\000p\000e\000\040\000d\000e\000\040\000l\000'\000a\000l\000g\000o\000r\000i\000t\000h\000m\000e}{section.3}% 18
\BOOKMARK [2][-]{subsection.3.2}{\376\377\000I\000m\000p\000l\000\351\000m\000e\000n\000t\000a\000t\000i\000o\000n}{section.3}% 19
\BOOKMARK [2][-]{subsection.3.3}{\376\377\000A\000n\000a\000l\000y\000s\000e\000\040\000e\000n\000\040\000c\000o\000m\000p\000l\000e\000x\000i\000t\000\351}{section.3}% 20
\BOOKMARK [2][-]{subsection.3.4}{\376\377\000T\000e\000s\000t\000\040\000d\000e\000\040\000v\000a\000l\000i\000d\000i\000t\000\351\000\040\000d\000e\000\040\000l\000'\000a\000l\000g\000o\000r\000i\000t\000h\000m\000e}{section.3}% 21
\BOOKMARK [2][-]{subsection.3.5}{\376\377\000A\000n\000a\000l\000y\000s\000e\000\040\000d\000e\000\040\000p\000e\000r\000f\000o\000r\000m\000a\000n\000c\000e}{section.3}% 22
\BOOKMARK [1][-]{section.4}{\376\377\000G\000e\000s\000t\000i\000o\000n\000\040\000d\000e\000\040\000p\000r\000o\000j\000e\000t}{}% 23
\BOOKMARK [2][-]{subsection.4.1}{\376\377\000\311\000q\000u\000i\000p\000e\000\040\000d\000e\000\040\000p\000r\000o\000j\000e\000t}{section.4}% 24
\BOOKMARK [2][-]{subsection.4.2}{\376\377\000O\000r\000g\000a\000n\000i\000s\000a\000t\000i\000o\000n\000\040\000a\000u\000\040\000s\000e\000i\000n\000\040\000d\000e\000\040\000l\040\031\000\351\000q\000u\000i\000p\000e\000\040\000p\000r\000o\000j\000e\000t}{section.4}% 25
\BOOKMARK [2][-]{subsection.4.3}{\376\377\000O\000b\000j\000e\000c\000t\000i\000f\000s\000\040\000S\000M\000A\000R\000T}{section.4}% 26
\BOOKMARK [2][-]{subsection.4.4}{\376\377\000M\000a\000t\000r\000i\000c\000e\000\040\000d\000e\000s\000\040\000o\000b\000j\000e\000c\000t\000i\000f\000s}{section.4}% 27
\BOOKMARK [2][-]{subsection.4.5}{\376\377\000T\000r\000i\000a\000n\000g\000l\000e\000\040\000q\000u\000a\000l\000i\000t\000\351\000-\000c\000o\000u\000t\000-\000d\000\351\000l\000a\000i}{section.4}% 28
\BOOKMARK [2][-]{subsection.4.6}{\376\377\000M\000a\000t\000r\000i\000c\000e\000\040\000S\000W\000O\000T}{section.4}% 29
\BOOKMARK [2][-]{subsection.4.7}{\376\377\000P\000r\000o\000f\000i\000l\000\040\000d\000e\000\040\000p\000r\000o\000j\000e\000t}{section.4}% 30
\BOOKMARK [2][-]{subsection.4.8}{\376\377\000W\000B\000S\000\040\000:\000\040\000c\000o\000m\000m\000e\000n\000t\000\040\000c\000o\000n\000c\000r\000\351\000t\000i\000s\000e\000r\000\040\000l\040\031\000a\000p\000p\000l\000i\000c\000a\000t\000i\000o\000n}{section.4}% 31
\BOOKMARK [2][-]{subsection.4.9}{\376\377\000D\000i\000a\000g\000r\000a\000m\000m\000e\000\040\000d\000e\000\040\000G\000a\000n\000t\000t\000\040\000:\000\040\000p\000l\000a\000n\000i\000f\000i\000c\000a\000t\000i\000o\000n}{section.4}% 32
\BOOKMARK [2][-]{subsection.4.10}{\376\377\000M\000a\000t\000r\000i\000c\000e\000\040\000R\000A\000C\000I}{section.4}% 33
\BOOKMARK [2][-]{subsection.4.11}{\376\377\000G\000e\000s\000t\000i\000o\000n\000\040\000d\000e\000s\000\040\000r\000i\000s\000q\000u\000e\000s}{section.4}% 34
\BOOKMARK [1][-]{section.5}{\376\377\000C\000o\000n\000c\000l\000u\000s\000i\000o\000n}{}% 35
\BOOKMARK [1][-]{section.6}{\376\377\000A\000n\000n\000e\000x\000e\000s}{}% 36
